<?xml version="1.0" encoding="UTF-8"?>
<testsuite name="ui.ProduktUITest" tests="1" skipped="0" failures="0" errors="0" timestamp="2021-04-11T09:17:27" hostname="BARCA" time="9.361">
  <properties/>
  <testcase name="produktyList()" classname="ui.ProduktUITest" time="9.361"/>
  <system-out><![CDATA[11:17:08.440 [Test worker] DEBUG org.springframework.test.context.BootstrapUtils - Instantiating CacheAwareContextLoaderDelegate from class [org.springframework.test.context.cache.DefaultCacheAwareContextLoaderDelegate]
11:17:08.490 [Test worker] DEBUG org.springframework.test.context.BootstrapUtils - Instantiating BootstrapContext using constructor [public org.springframework.test.context.support.DefaultBootstrapContext(java.lang.Class,org.springframework.test.context.CacheAwareContextLoaderDelegate)]
11:17:08.591 [Test worker] DEBUG org.springframework.test.context.BootstrapUtils - Instantiating TestContextBootstrapper for test class [ui.ProduktUITest] from class [org.springframework.boot.test.context.SpringBootTestContextBootstrapper]
11:17:08.666 [Test worker] INFO org.springframework.boot.test.context.SpringBootTestContextBootstrapper - Neither @ContextConfiguration nor @ContextHierarchy found for test class [ui.ProduktUITest], using SpringBootContextLoader
11:17:08.677 [Test worker] DEBUG org.springframework.test.context.support.AbstractContextLoader - Did not detect default resource location for test class [ui.ProduktUITest]: class path resource [ui/ProduktUITest-context.xml] does not exist
11:17:08.678 [Test worker] DEBUG org.springframework.test.context.support.AbstractContextLoader - Did not detect default resource location for test class [ui.ProduktUITest]: class path resource [ui/ProduktUITestContext.groovy] does not exist
11:17:08.679 [Test worker] INFO org.springframework.test.context.support.AbstractContextLoader - Could not detect default resource locations for test class [ui.ProduktUITest]: no resource found for suffixes {-context.xml, Context.groovy}.
11:17:08.887 [Test worker] DEBUG org.springframework.test.context.support.ActiveProfilesUtils - Could not find an 'annotation declaring class' for annotation type [org.springframework.test.context.ActiveProfiles] and class [ui.ProduktUITest]
11:17:09.226 [Test worker] DEBUG org.springframework.boot.test.context.SpringBootTestContextBootstrapper - @TestExecutionListeners is not present for class [ui.ProduktUITest]: using defaults.
11:17:09.228 [Test worker] INFO org.springframework.boot.test.context.SpringBootTestContextBootstrapper - Loaded default TestExecutionListener class names from location [META-INF/spring.factories]: [org.springframework.boot.test.autoconfigure.restdocs.RestDocsTestExecutionListener, org.springframework.boot.test.autoconfigure.web.client.MockRestServiceServerResetTestExecutionListener, org.springframework.boot.test.autoconfigure.web.servlet.MockMvcPrintOnlyOnFailureTestExecutionListener, org.springframework.boot.test.autoconfigure.web.servlet.WebDriverTestExecutionListener, org.springframework.boot.test.autoconfigure.webservices.client.MockWebServiceServerTestExecutionListener, org.springframework.boot.test.mock.mockito.MockitoTestExecutionListener, org.springframework.boot.test.mock.mockito.ResetMocksTestExecutionListener, org.springframework.test.context.web.ServletTestExecutionListener, org.springframework.test.context.support.DirtiesContextBeforeModesTestExecutionListener, org.springframework.test.context.event.ApplicationEventsTestExecutionListener, org.springframework.test.context.support.DependencyInjectionTestExecutionListener, org.springframework.test.context.support.DirtiesContextTestExecutionListener, org.springframework.test.context.transaction.TransactionalTestExecutionListener, org.springframework.test.context.jdbc.SqlScriptsTestExecutionListener, org.springframework.test.context.event.EventPublishingTestExecutionListener]
11:17:09.279 [Test worker] INFO org.springframework.boot.test.context.SpringBootTestContextBootstrapper - Using TestExecutionListeners: [org.springframework.test.context.web.ServletTestExecutionListener@c3c7e32, org.springframework.test.context.support.DirtiesContextBeforeModesTestExecutionListener@78d04da, org.springframework.test.context.event.ApplicationEventsTestExecutionListener@630447b1, org.springframework.boot.test.mock.mockito.MockitoTestExecutionListener@41b3abf, org.springframework.boot.test.autoconfigure.SpringBootDependencyInjectionTestExecutionListener@6bb919e0, org.springframework.test.context.support.DirtiesContextTestExecutionListener@47d6b99, org.springframework.test.context.transaction.TransactionalTestExecutionListener@45059d68, org.springframework.test.context.jdbc.SqlScriptsTestExecutionListener@181699b5, org.springframework.test.context.event.EventPublishingTestExecutionListener@3bc3e54e, org.springframework.boot.test.autoconfigure.restdocs.RestDocsTestExecutionListener@540d600c, org.springframework.boot.test.autoconfigure.web.client.MockRestServiceServerResetTestExecutionListener@3d8a4938, org.springframework.boot.test.autoconfigure.web.servlet.MockMvcPrintOnlyOnFailureTestExecutionListener@117db40d, org.springframework.boot.test.autoconfigure.web.servlet.WebDriverTestExecutionListener@35b0daf9, org.springframework.boot.test.autoconfigure.webservices.client.MockWebServiceServerTestExecutionListener@a02c143, org.springframework.boot.test.mock.mockito.ResetMocksTestExecutionListener@652e8ab2]
11:17:09.294 [Test worker] DEBUG org.springframework.test.context.support.AbstractDirtiesContextTestExecutionListener - Before test class: context [DefaultTestContext@4f180cff testClass = ProduktUITest, testInstance = [null], testMethod = [null], testException = [null], mergedContextConfiguration = [WebMergedContextConfiguration@61690b55 testClass = ProduktUITest, locations = '{}', classes = '{class cz.upce.eshop.EshopApplication}', contextInitializerClasses = '[]', activeProfiles = '{}', propertySourceLocations = '{}', propertySourceProperties = '{org.springframework.boot.test.context.SpringBootTestContextBootstrapper=true}', contextCustomizers = set[org.springframework.boot.test.autoconfigure.actuate.metrics.MetricsExportContextCustomizerFactory$DisableMetricExportContextCustomizer@16a1e23b, org.springframework.boot.test.autoconfigure.properties.PropertyMappingContextCustomizer@0, org.springframework.boot.test.autoconfigure.web.servlet.WebDriverContextCustomizerFactory$Customizer@1b8ac8bf, [ImportsContextCustomizer@6faef62a key = [cz.upce.eshop.dataFactory.Creator]], org.springframework.boot.test.context.filter.ExcludeFilterContextCustomizer@96ead05, org.springframework.boot.test.json.DuplicateJsonObjectContextCustomizerFactory$DuplicateJsonObjectContextCustomizer@127ccd48, org.springframework.boot.test.mock.mockito.MockitoContextCustomizer@0, org.springframework.boot.test.web.client.TestRestTemplateContextCustomizer@2a067cc3, org.springframework.boot.test.context.SpringBootTestArgs@1, org.springframework.boot.test.context.SpringBootTestWebEnvironment@5927b804], resourceBasePath = 'src/main/webapp', contextLoader = 'org.springframework.boot.test.context.SpringBootContextLoader', parent = [null]], attributes = map['org.springframework.test.context.web.ServletTestExecutionListener.activateListener' -> false]], class annotated with @DirtiesContext [false] with mode [null].
11:17:10.039 [Test worker] DEBUG org.springframework.test.context.support.DependencyInjectionTestExecutionListener - Performing dependency injection for test context [[DefaultTestContext@4f180cff testClass = ProduktUITest, testInstance = ui.ProduktUITest@6835cad1, testMethod = [null], testException = [null], mergedContextConfiguration = [WebMergedContextConfiguration@61690b55 testClass = ProduktUITest, locations = '{}', classes = '{class cz.upce.eshop.EshopApplication}', contextInitializerClasses = '[]', activeProfiles = '{}', propertySourceLocations = '{}', propertySourceProperties = '{org.springframework.boot.test.context.SpringBootTestContextBootstrapper=true}', contextCustomizers = set[org.springframework.boot.test.autoconfigure.actuate.metrics.MetricsExportContextCustomizerFactory$DisableMetricExportContextCustomizer@16a1e23b, org.springframework.boot.test.autoconfigure.properties.PropertyMappingContextCustomizer@0, org.springframework.boot.test.autoconfigure.web.servlet.WebDriverContextCustomizerFactory$Customizer@1b8ac8bf, [ImportsContextCustomizer@6faef62a key = [cz.upce.eshop.dataFactory.Creator]], org.springframework.boot.test.context.filter.ExcludeFilterContextCustomizer@96ead05, org.springframework.boot.test.json.DuplicateJsonObjectContextCustomizerFactory$DuplicateJsonObjectContextCustomizer@127ccd48, org.springframework.boot.test.mock.mockito.MockitoContextCustomizer@0, org.springframework.boot.test.web.client.TestRestTemplateContextCustomizer@2a067cc3, org.springframework.boot.test.context.SpringBootTestArgs@1, org.springframework.boot.test.context.SpringBootTestWebEnvironment@5927b804], resourceBasePath = 'src/main/webapp', contextLoader = 'org.springframework.boot.test.context.SpringBootContextLoader', parent = [null]], attributes = map['org.springframework.test.context.web.ServletTestExecutionListener.activateListener' -> false, 'org.springframework.test.context.event.ApplicationEventsTestExecutionListener.recordApplicationEvents' -> false]]].
11:17:10.192 [Test worker] DEBUG org.springframework.test.context.support.TestPropertySourceUtils - Adding inlined properties to environment: {spring.jmx.enabled=false, org.springframework.boot.test.context.SpringBootTestContextBootstrapper=true}

  .   ____          _            __ _ _
 /\\ / ___'_ __ _ _(_)_ __  __ _ \ \ \ \
( ( )\___ | '_ | '_| | '_ \/ _` | \ \ \ \
 \\/  ___)| |_)| | | | | || (_| |  ) ) ) )
  '  |____| .__|_| |_|_| |_\__, | / / / /
 =========|_|==============|___/=/_/_/_/
 :: Spring Boot ::                (v2.4.4)

2021-04-11 11:17:11.135  INFO 9700 --- [    Test worker] ui.ProduktUITest                         : Starting ProduktUITest using Java 1.8.0_152 on Barca with PID 9700 (started by admin in C:\Users\admin\Desktop\Navazujici\2 semestr\Internetove aplikace\muj eshop)
2021-04-11 11:17:11.141  INFO 9700 --- [    Test worker] ui.ProduktUITest                         : No active profile set, falling back to default profiles: default
2021-04-11 11:17:13.574  INFO 9700 --- [    Test worker] .s.d.r.c.RepositoryConfigurationDelegate : Bootstrapping Spring Data JPA repositories in DEFAULT mode.
2021-04-11 11:17:13.772  INFO 9700 --- [    Test worker] .s.d.r.c.RepositoryConfigurationDelegate : Finished Spring Data repository scanning in 176 ms. Found 4 JPA repository interfaces.
2021-04-11 11:17:15.816  INFO 9700 --- [    Test worker] o.s.b.w.embedded.tomcat.TomcatWebServer  : Tomcat initialized with port(s): 8080 (http)
2021-04-11 11:17:15.858  INFO 9700 --- [    Test worker] o.apache.catalina.core.StandardService   : Starting service [Tomcat]
2021-04-11 11:17:15.859  INFO 9700 --- [    Test worker] org.apache.catalina.core.StandardEngine  : Starting Servlet engine: [Apache Tomcat/9.0.44]
2021-04-11 11:17:16.251  INFO 9700 --- [    Test worker] o.a.c.c.C.[Tomcat].[localhost].[/]       : Initializing Spring embedded WebApplicationContext
2021-04-11 11:17:16.251  INFO 9700 --- [    Test worker] w.s.c.ServletWebServerApplicationContext : Root WebApplicationContext: initialization completed in 4922 ms
2021-04-11 11:17:17.441  INFO 9700 --- [    Test worker] o.hibernate.jpa.internal.util.LogHelper  : HHH000204: Processing PersistenceUnitInfo [name: default]
2021-04-11 11:17:17.673  INFO 9700 --- [    Test worker] org.hibernate.Version                    : HHH000412: Hibernate ORM core version 5.4.29.Final
2021-04-11 11:17:18.271  INFO 9700 --- [    Test worker] o.hibernate.annotations.common.Version   : HCANN000001: Hibernate Commons Annotations {5.1.2.Final}
2021-04-11 11:17:18.568  INFO 9700 --- [    Test worker] com.zaxxer.hikari.HikariDataSource       : HikariPool-1 - Starting...
2021-04-11 11:17:19.369  INFO 9700 --- [    Test worker] com.zaxxer.hikari.HikariDataSource       : HikariPool-1 - Start completed.
2021-04-11 11:17:19.643  INFO 9700 --- [    Test worker] org.hibernate.dialect.Dialect            : HHH000400: Using dialect: org.hibernate.dialect.MySQL57Dialect
2021-04-11 11:17:21.539  INFO 9700 --- [    Test worker] o.h.e.t.j.p.i.JtaPlatformInitiator       : HHH000490: Using JtaPlatform implementation: [org.hibernate.engine.transaction.jta.platform.internal.NoJtaPlatform]
2021-04-11 11:17:21.790  INFO 9700 --- [    Test worker] j.LocalContainerEntityManagerFactoryBean : Initialized JPA EntityManagerFactory for persistence unit 'default'
2021-04-11 11:17:23.202  WARN 9700 --- [    Test worker] JpaBaseConfiguration$JpaWebConfiguration : spring.jpa.open-in-view is enabled by default. Therefore, database queries may be performed during view rendering. Explicitly configure spring.jpa.open-in-view to disable this warning
2021-04-11 11:17:24.027  INFO 9700 --- [    Test worker] o.s.s.concurrent.ThreadPoolTaskExecutor  : Initializing ExecutorService 'applicationTaskExecutor'
2021-04-11 11:17:27.359  INFO 9700 --- [    Test worker] o.s.b.w.embedded.tomcat.TomcatWebServer  : Tomcat started on port(s): 8080 (http) with context path ''
2021-04-11 11:17:27.384  INFO 9700 --- [    Test worker] ui.ProduktUITest                         : Started ProduktUITest in 17.186 seconds (JVM running for 21.182)
2021-04-11 11:17:32.123  INFO 9700 --- [ null to remote] o.o.selenium.remote.ProtocolHandshake    : Detected dialect: W3C
2021-04-11 11:17:33.436  INFO 9700 --- [nio-8080-exec-2] o.a.c.c.C.[Tomcat].[localhost].[/]       : Initializing Spring DispatcherServlet 'dispatcherServlet'
2021-04-11 11:17:33.439  INFO 9700 --- [nio-8080-exec-2] o.s.web.servlet.DispatcherServlet        : Initializing Servlet 'dispatcherServlet'
2021-04-11 11:17:33.443  INFO 9700 --- [nio-8080-exec-2] o.s.web.servlet.DispatcherServlet        : Completed initialization in 3 ms
]]></system-out>
  <system-err><![CDATA[Starting ChromeDriver 89.0.4389.23 (61b08ee2c50024bab004e48d2b1b083cdbdac579-refs/branch-heads/4389@{#294}) on port 15556
Only local connections are allowed.
Please see https://chromedriver.chromium.org/security-considerations for suggestions on keeping ChromeDriver safe.
ChromeDriver was started successfully.
]]></system-err>
</testsuite>
